<?xml version="1.0" encoding="UTF-8"?>
<!-- Generated by org.testng.reporters.JUnitReportReporter -->
<testsuite hostname="User-PC" failures="0" tests="1" name="testCases.SignUpTestCase" time="101.765" errors="0" timestamp="2022-12-11T09:14:43 IST" skipped="0">
  <testcase classname="testCases.SignUpTestCase" name="SignUp" time="101.765"/>
  <system-out/>
</testsuite> <!-- testCases.SignUpTestCase -->
