<?xml version="1.0" encoding="UTF-8"?>
<!-- Generated by org.testng.reporters.JUnitReportReporter -->
<testsuite hostname="User-PC" failures="0" tests="1" name="testCases.LoginTestCase" time="31.565" errors="0" timestamp="2022-12-11T09:14:43 IST" skipped="0">
  <testcase classname="testCases.LoginTestCase" name="login" time="31.565"/>
  <system-out/>
</testsuite> <!-- testCases.LoginTestCase -->
